<?xml version="1.0" encoding="UTF-8" ?>
<testsuite tests="1" failures="1" name="ku.piii.fxtableoutofbox.TestMainApp" time="3.164" errors="0" skipped="0">
  <properties>
    <property name="java.runtime.name" value="Java(TM) SE Runtime Environment"/>
    <property name="sun.boot.library.path" value="C:\Program Files\Java\jdk1.8.0_112\jre\bin"/>
    <property name="java.vm.version" value="25.112-b15"/>
    <property name="java.vm.vendor" value="Oracle Corporation"/>
    <property name="java.vendor.url" value="http://java.oracle.com/"/>
    <property name="path.separator" value=";"/>
    <property name="guice.disable.misplaced.annotation.check" value="true"/>
    <property name="java.vm.name" value="Java HotSpot(TM) 64-Bit Server VM"/>
    <property name="file.encoding.pkg" value="sun.io"/>
    <property name="user.script" value=""/>
    <property name="user.country" value="GB"/>
    <property name="sun.java.launcher" value="SUN_STANDARD"/>
    <property name="sun.os.patch.level" value="Service Pack 1"/>
    <property name="java.vm.specification.name" value="Java Virtual Machine Specification"/>
    <property name="user.dir" value="E:\FX Git Repo\PIIIdc\MetaModder"/>
    <property name="java.runtime.version" value="1.8.0_112-b15"/>
    <property name="java.awt.graphicsenv" value="sun.awt.Win32GraphicsEnvironment"/>
    <property name="java.endorsed.dirs" value="C:\Program Files\Java\jdk1.8.0_112\jre\lib\endorsed"/>
    <property name="os.arch" value="amd64"/>
    <property name="java.io.tmpdir" value="C:\Users\Daniel\AppData\Local\Temp\"/>
    <property name="line.separator" value="
"/>
    <property name="java.vm.specification.vendor" value="Oracle Corporation"/>
    <property name="user.variant" value=""/>
    <property name="os.name" value="Windows 7"/>
    <property name="maven.ext.class.path" value="C:\Program Files\NetBeans 8.1\java\maven-nblib\netbeans-eventspy.jar"/>
    <property name="classworlds.conf" value="C:\Program Files\NetBeans 8.1\java\maven\bin\m2.conf"/>
    <property name="sun.jnu.encoding" value="Cp1252"/>
    <property name="java.library.path" value="C:\Program Files\Java\jdk1.8.0_112\bin;C:\Windows\Sun\Java\bin;C:\Windows\system32;C:\Windows;C:\ProgramData\Oracle\Java\javapath;C:\Program Files (x86)\Common Files\Intel\Shared Libraries\redist\intel64\compiler;C:\Program Files (x86)\Common Files\Microsoft Shared\Windows Live;C:\Windows\system32;C:\Windows;C:\Windows\System32\Wbem;C:\Windows\System32\WindowsPowerShell\v1.0\;C:\Program Files (x86)\NVIDIA Corporation\PhysX\Common;C:\Program Files (x86)\Common Files\Adobe\AGL;C:\Program Files (x86)\Java\jre1.8.0_66\bin;C:\Program Files (x86)\Skype\Phone\;C:\Program Files (x86)\Toshiba\Bluetooth Toshiba Stack\sys\;C:\Program Files (x86)\Toshiba\Bluetooth Toshiba Stack\sys\x64\;C:\Program Files (x86)\QT Lite\QTSystem;C:\Program Files (x86)\GtkSharp\2.12\bin;C:\Program Files (x86)\Boxcryptor\bin\;C:\Program Files\TortoiseGit\bin;C:\Program Files\Git\cmd;C:\Program Files\Java\jdk1.8.0_112\bin;."/>
    <property name="java.specification.name" value="Java Platform API Specification"/>
    <property name="java.class.version" value="52.0"/>
    <property name="sun.management.compiler" value="HotSpot 64-Bit Tiered Compilers"/>
    <property name="os.version" value="6.1"/>
    <property name="user.home" value="C:\Users\Daniel"/>
    <property name="user.timezone" value="Europe/London"/>
    <property name="java.awt.printerjob" value="sun.awt.windows.WPrinterJob"/>
    <property name="java.specification.version" value="1.8"/>
    <property name="file.encoding" value="Cp1252"/>
    <property name="user.name" value="Daniel"/>
    <property name="java.class.path" value="C:\Program Files\NetBeans 8.1\java\maven\boot\plexus-classworlds-2.4.jar"/>
    <property name="java.vm.specification.version" value="1.8"/>
    <property name="sun.arch.data.model" value="64"/>
    <property name="java.home" value="C:\Program Files\Java\jdk1.8.0_112\jre"/>
    <property name="sun.java.command" value="org.codehaus.plexus.classworlds.launcher.Launcher -Dmaven.ext.class.path=C:\Program Files\NetBeans 8.1\java\maven-nblib\netbeans-eventspy.jar test"/>
    <property name="java.specification.vendor" value="Oracle Corporation"/>
    <property name="user.language" value="en"/>
    <property name="awt.toolkit" value="sun.awt.windows.WToolkit"/>
    <property name="java.vm.info" value="mixed mode"/>
    <property name="java.version" value="1.8.0_112"/>
    <property name="java.ext.dirs" value="C:\Program Files\Java\jdk1.8.0_112\jre\lib\ext;C:\Windows\Sun\Java\lib\ext"/>
    <property name="sun.boot.class.path" value="C:\Program Files\Java\jdk1.8.0_112\jre\lib\resources.jar;C:\Program Files\Java\jdk1.8.0_112\jre\lib\rt.jar;C:\Program Files\Java\jdk1.8.0_112\jre\lib\sunrsasign.jar;C:\Program Files\Java\jdk1.8.0_112\jre\lib\jsse.jar;C:\Program Files\Java\jdk1.8.0_112\jre\lib\jce.jar;C:\Program Files\Java\jdk1.8.0_112\jre\lib\charsets.jar;C:\Program Files\Java\jdk1.8.0_112\jre\lib\jfr.jar;C:\Program Files\Java\jdk1.8.0_112\jre\classes"/>
    <property name="java.vendor" value="Oracle Corporation"/>
    <property name="maven.home" value="C:\Program Files\NetBeans 8.1\java\maven"/>
    <property name="file.separator" value="\"/>
    <property name="java.vendor.url.bug" value="http://bugreport.sun.com/bugreport/"/>
    <property name="sun.cpu.endian" value="little"/>
    <property name="sun.io.unicode.encoding" value="UnicodeLittle"/>
    <property name="sun.desktop" value="windows"/>
    <property name="sun.cpu.isalist" value="amd64"/>
  </properties>
  <testcase classname="ku.piii.fxtableoutofbox.TestMainApp" name="isTableViewListCorrect" time="2.636">
    <failure message="
Expected: iterable over [&lt;ku.piii.model.MusicMedia@3578436e[path=..\test-music-files\collection-A\After Many Days\Cannibal Eyes - clip.mp3,lengthInSeconds=319,id3Version=&lt;null&gt;,title= ,year=2010,genre=Celtic,name=Cannibal Eyes - clip]&gt;, &lt;ku.piii.model.MusicMedia@706a04ae[path=..\test-music-files\collection-A\Anshlavs - Second Trip - clip.mp3,lengthInSeconds=258,id3Version=&lt;null&gt;,title=Second Trip,year=&lt;null&gt;,genre=&lt;null&gt;,name=Anshlavs - Second Trip - clip]&gt;, &lt;ku.piii.model.MusicMedia@6eceb130[path=..\test-music-files\collection-A\DARKPOP BAND ANGELIQUE - PERFECT WORLD (AMBIENT) - clip.mp3,lengthInSeconds=363,id3Version=&lt;null&gt;,title=PERFECT WORLD (AMBIENT),year=1999,genre=Alt. Rock,name=DARKPOP BAND ANGELIQUE - PERFECT WORLD (AMBIENT) - clip]&gt;, &lt;ku.piii.model.MusicMedia@10a035a0[path=..\test-music-files\collection-A\Freak Fandango Orchestra\Freak Fandango Orchestra - No means no - clip.mp3,lengthInSeconds=364,id3Version=&lt;null&gt;,title=No means no,year=2010,genre=Classical,name=Freak Fandango Orchestra - No means no - clip]&gt;, &lt;ku.piii.model.MusicMedia@67b467e9[path=..\test-music-files\collection-A\Gem Reflection - Tubeman - clip.mp3,lengthInSeconds=329,id3Version=&lt;null&gt;,title=Tubeman,year=2000,genre=Black Metal,name=Gem Reflection - Tubeman - clip]&gt;, &lt;ku.piii.model.MusicMedia@47db50c5[path=..\test-music-files\collection-A\IX - la chichonera - clip.mp3,lengthInSeconds=356,id3Version=&lt;null&gt;,title=la chichonera,year=1999,genre=Christian Rap,name=IX - la chichonera - clip]&gt;, &lt;ku.piii.model.MusicMedia@5c072e3f[path=..\test-music-files\collection-A\Omnibrain - Neverending - clip.mp3,lengthInSeconds=309,id3Version=&lt;null&gt;,title=Neverending,year=2001,genre=Electronic,name=Omnibrain - Neverending - clip]&gt;, &lt;ku.piii.model.MusicMedia@4d1b0d2a[path=..\test-music-files\collection-A\Orxata Sound System\als nous amos - clip.mp3,lengthInSeconds=335,id3Version=&lt;null&gt;,title=als nous amos,year=2012,genre=BritPop,name=als nous amos - clip]&gt;, &lt;ku.piii.model.MusicMedia@954b04f[path=..\test-music-files\collection-A\Orxata Sound System\fuster meets guevara - clip.mp3,lengthInSeconds=344,id3Version=&lt;null&gt;,title=fuster meets guevara,year=2011,genre=Classical,name=fuster meets guevara - clip]&gt;, &lt;ku.piii.model.MusicMedia@150c158[path=E:\FX Git Repo\PIIIdc\test-music-files\collection-A\After Many Days\Cannibal Eyes - clip.mp3,lengthInSeconds=319,id3Version=&lt;null&gt;,title= ,year=2010,genre=Celtic,name=Cannibal Eyes - clip]&gt;, &lt;ku.piii.model.MusicMedia@4524411f[path=E:\FX Git Repo\PIIIdc\test-music-files\collection-A\Anshlavs - Second Trip - clip.mp3,lengthInSeconds=258,id3Version=&lt;null&gt;,title=Second Trip,year=&lt;null&gt;,genre=&lt;null&gt;,name=Anshlavs - Second Trip - clip]&gt;, &lt;ku.piii.model.MusicMedia@401e7803[path=E:\FX Git Repo\PIIIdc\test-music-files\collection-A\DARKPOP BAND ANGELIQUE - PERFECT WORLD (AMBIENT) - clip.mp3,lengthInSeconds=363,id3Version=&lt;null&gt;,title=PERFECT WORLD (AMBIENT),year=1999,genre=Alt. Rock,name=DARKPOP BAND ANGELIQUE - PERFECT WORLD (AMBIENT) - clip]&gt;, &lt;ku.piii.model.MusicMedia@10dba097[path=E:\FX Git Repo\PIIIdc\test-music-files\collection-A\Freak Fandango Orchestra\Freak Fandango Orchestra - No means no - clip.mp3,lengthInSeconds=364,id3Version=&lt;null&gt;,title=No means no,year=2010,genre=Classical,name=Freak Fandango Orchestra - No means no - clip]&gt;, &lt;ku.piii.model.MusicMedia@1786f9d5[path=E:\FX Git Repo\PIIIdc\test-music-files\collection-A\Gem Reflection - Tubeman - clip.mp3,lengthInSeconds=329,id3Version=&lt;null&gt;,title=Tubeman,year=2000,genre=Black Metal,name=Gem Reflection - Tubeman - clip]&gt;, &lt;ku.piii.model.MusicMedia@704d6e83[path=E:\FX Git Repo\PIIIdc\test-music-files\collection-A\IX - la chichonera - clip.mp3,lengthInSeconds=356,id3Version=&lt;null&gt;,title=la chichonera,year=1999,genre=Christian Rap,name=IX - la chichonera - clip]&gt;, &lt;ku.piii.model.MusicMedia@43a0cee9[path=E:\FX Git Repo\PIIIdc\test-music-files\collection-A\Omnibrain - Neverending - clip.mp3,lengthInSeconds=309,id3Version=&lt;null&gt;,title=Neverending,year=2001,genre=Electronic,name=Omnibrain - Neverending - clip]&gt;, &lt;ku.piii.model.MusicMedia@eb21112[path=E:\FX Git Repo\PIIIdc\test-music-files\collection-A\Orxata Sound System\als nous amos - clip.mp3,lengthInSeconds=335,id3Version=&lt;null&gt;,title=als nous amos,year=2012,genre=BritPop,name=als nous amos - clip]&gt;, &lt;ku.piii.model.MusicMedia@2eda0940[path=E:\FX Git Repo\PIIIdc\test-music-files\collection-A\Orxata Sound System\fuster meets guevara - clip.mp3,lengthInSeconds=344,id3Version=&lt;null&gt;,title=fuster meets guevara,year=2011,genre=Classical,name=fuster meets guevara - clip]&gt;] in any order
     but: No item matches: &lt;ku.piii.model.MusicMedia@3578436e[path=..\test-music-files\collection-A\After Many Days\Cannibal Eyes - clip.mp3,lengthInSeconds=319,id3Version=&lt;null&gt;,title= ,year=2010,genre=Celtic,name=Cannibal Eyes - clip]&gt;, &lt;ku.piii.model.MusicMedia@706a04ae[path=..\test-music-files\collection-A\Anshlavs - Second Trip - clip.mp3,lengthInSeconds=258,id3Version=&lt;null&gt;,title=Second Trip,year=&lt;null&gt;,genre=&lt;null&gt;,name=Anshlavs - Second Trip - clip]&gt;, &lt;ku.piii.model.MusicMedia@6eceb130[path=..\test-music-files\collection-A\DARKPOP BAND ANGELIQUE - PERFECT WORLD (AMBIENT) - clip.mp3,lengthInSeconds=363,id3Version=&lt;null&gt;,title=PERFECT WORLD (AMBIENT),year=1999,genre=Alt. Rock,name=DARKPOP BAND ANGELIQUE - PERFECT WORLD (AMBIENT) - clip]&gt;, &lt;ku.piii.model.MusicMedia@10a035a0[path=..\test-music-files\collection-A\Freak Fandango Orchestra\Freak Fandango Orchestra - No means no - clip.mp3,lengthInSeconds=364,id3Version=&lt;null&gt;,title=No means no,year=2010,genre=Classical,name=Freak Fandango Orchestra - No means no - clip]&gt;, &lt;ku.piii.model.MusicMedia@67b467e9[path=..\test-music-files\collection-A\Gem Reflection - Tubeman - clip.mp3,lengthInSeconds=329,id3Version=&lt;null&gt;,title=Tubeman,year=2000,genre=Black Metal,name=Gem Reflection - Tubeman - clip]&gt;, &lt;ku.piii.model.MusicMedia@47db50c5[path=..\test-music-files\collection-A\IX - la chichonera - clip.mp3,lengthInSeconds=356,id3Version=&lt;null&gt;,title=la chichonera,year=1999,genre=Christian Rap,name=IX - la chichonera - clip]&gt;, &lt;ku.piii.model.MusicMedia@5c072e3f[path=..\test-music-files\collection-A\Omnibrain - Neverending - clip.mp3,lengthInSeconds=309,id3Version=&lt;null&gt;,title=Neverending,year=2001,genre=Electronic,name=Omnibrain - Neverending - clip]&gt;, &lt;ku.piii.model.MusicMedia@4d1b0d2a[path=..\test-music-files\collection-A\Orxata Sound System\als nous amos - clip.mp3,lengthInSeconds=335,id3Version=&lt;null&gt;,title=als nous amos,year=2012,genre=BritPop,name=als nous amos - clip]&gt;, &lt;ku.piii.model.MusicMedia@954b04f[path=..\test-music-files\collection-A\Orxata Sound System\fuster meets guevara - clip.mp3,lengthInSeconds=344,id3Version=&lt;null&gt;,title=fuster meets guevara,year=2011,genre=Classical,name=fuster meets guevara - clip]&gt; in [&lt;ku.piii.model.MusicMedia@150c158[path=E:\FX Git Repo\PIIIdc\test-music-files\collection-A\After Many Days\Cannibal Eyes - clip.mp3,lengthInSeconds=319,id3Version=&lt;null&gt;,title= ,year=2010,genre=Celtic,name=Cannibal Eyes - clip]&gt;, &lt;ku.piii.model.MusicMedia@4524411f[path=E:\FX Git Repo\PIIIdc\test-music-files\collection-A\Anshlavs - Second Trip - clip.mp3,lengthInSeconds=258,id3Version=&lt;null&gt;,title=Second Trip,year=&lt;null&gt;,genre=&lt;null&gt;,name=Anshlavs - Second Trip - clip]&gt;, &lt;ku.piii.model.MusicMedia@401e7803[path=E:\FX Git Repo\PIIIdc\test-music-files\collection-A\DARKPOP BAND ANGELIQUE - PERFECT WORLD (AMBIENT) - clip.mp3,lengthInSeconds=363,id3Version=&lt;null&gt;,title=PERFECT WORLD (AMBIENT),year=1999,genre=Alt. Rock,name=DARKPOP BAND ANGELIQUE - PERFECT WORLD (AMBIENT) - clip]&gt;, &lt;ku.piii.model.MusicMedia@10dba097[path=E:\FX Git Repo\PIIIdc\test-music-files\collection-A\Freak Fandango Orchestra\Freak Fandango Orchestra - No means no - clip.mp3,lengthInSeconds=364,id3Version=&lt;null&gt;,title=No means no,year=2010,genre=Classical,name=Freak Fandango Orchestra - No means no - clip]&gt;, &lt;ku.piii.model.MusicMedia@1786f9d5[path=E:\FX Git Repo\PIIIdc\test-music-files\collection-A\Gem Reflection - Tubeman - clip.mp3,lengthInSeconds=329,id3Version=&lt;null&gt;,title=Tubeman,year=2000,genre=Black Metal,name=Gem Reflection - Tubeman - clip]&gt;, &lt;ku.piii.model.MusicMedia@704d6e83[path=E:\FX Git Repo\PIIIdc\test-music-files\collection-A\IX - la chichonera - clip.mp3,lengthInSeconds=356,id3Version=&lt;null&gt;,title=la chichonera,year=1999,genre=Christian Rap,name=IX - la chichonera - clip]&gt;, &lt;ku.piii.model.MusicMedia@43a0cee9[path=E:\FX Git Repo\PIIIdc\test-music-files\collection-A\Omnibrain - Neverending - clip.mp3,lengthInSeconds=309,id3Version=&lt;null&gt;,title=Neverending,year=2001,genre=Electronic,name=Omnibrain - Neverending - clip]&gt;, &lt;ku.piii.model.MusicMedia@eb21112[path=E:\FX Git Repo\PIIIdc\test-music-files\collection-A\Orxata Sound System\als nous amos - clip.mp3,lengthInSeconds=335,id3Version=&lt;null&gt;,title=als nous amos,year=2012,genre=BritPop,name=als nous amos - clip]&gt;, &lt;ku.piii.model.MusicMedia@2eda0940[path=E:\FX Git Repo\PIIIdc\test-music-files\collection-A\Orxata Sound System\fuster meets guevara - clip.mp3,lengthInSeconds=344,id3Version=&lt;null&gt;,title=fuster meets guevara,year=2011,genre=Classical,name=fuster meets guevara - clip]&gt;]" type="java.lang.AssertionError">java.lang.AssertionError: 
Expected: iterable over [&lt;ku.piii.model.MusicMedia@3578436e[path=..\test-music-files\collection-A\After Many Days\Cannibal Eyes - clip.mp3,lengthInSeconds=319,id3Version=&lt;null&gt;,title= ,year=2010,genre=Celtic,name=Cannibal Eyes - clip]&gt;, &lt;ku.piii.model.MusicMedia@706a04ae[path=..\test-music-files\collection-A\Anshlavs - Second Trip - clip.mp3,lengthInSeconds=258,id3Version=&lt;null&gt;,title=Second Trip,year=&lt;null&gt;,genre=&lt;null&gt;,name=Anshlavs - Second Trip - clip]&gt;, &lt;ku.piii.model.MusicMedia@6eceb130[path=..\test-music-files\collection-A\DARKPOP BAND ANGELIQUE - PERFECT WORLD (AMBIENT) - clip.mp3,lengthInSeconds=363,id3Version=&lt;null&gt;,title=PERFECT WORLD (AMBIENT),year=1999,genre=Alt. Rock,name=DARKPOP BAND ANGELIQUE - PERFECT WORLD (AMBIENT) - clip]&gt;, &lt;ku.piii.model.MusicMedia@10a035a0[path=..\test-music-files\collection-A\Freak Fandango Orchestra\Freak Fandango Orchestra - No means no - clip.mp3,lengthInSeconds=364,id3Version=&lt;null&gt;,title=No means no,year=2010,genre=Classical,name=Freak Fandango Orchestra - No means no - clip]&gt;, &lt;ku.piii.model.MusicMedia@67b467e9[path=..\test-music-files\collection-A\Gem Reflection - Tubeman - clip.mp3,lengthInSeconds=329,id3Version=&lt;null&gt;,title=Tubeman,year=2000,genre=Black Metal,name=Gem Reflection - Tubeman - clip]&gt;, &lt;ku.piii.model.MusicMedia@47db50c5[path=..\test-music-files\collection-A\IX - la chichonera - clip.mp3,lengthInSeconds=356,id3Version=&lt;null&gt;,title=la chichonera,year=1999,genre=Christian Rap,name=IX - la chichonera - clip]&gt;, &lt;ku.piii.model.MusicMedia@5c072e3f[path=..\test-music-files\collection-A\Omnibrain - Neverending - clip.mp3,lengthInSeconds=309,id3Version=&lt;null&gt;,title=Neverending,year=2001,genre=Electronic,name=Omnibrain - Neverending - clip]&gt;, &lt;ku.piii.model.MusicMedia@4d1b0d2a[path=..\test-music-files\collection-A\Orxata Sound System\als nous amos - clip.mp3,lengthInSeconds=335,id3Version=&lt;null&gt;,title=als nous amos,year=2012,genre=BritPop,name=als nous amos - clip]&gt;, &lt;ku.piii.model.MusicMedia@954b04f[path=..\test-music-files\collection-A\Orxata Sound System\fuster meets guevara - clip.mp3,lengthInSeconds=344,id3Version=&lt;null&gt;,title=fuster meets guevara,year=2011,genre=Classical,name=fuster meets guevara - clip]&gt;, &lt;ku.piii.model.MusicMedia@150c158[path=E:\FX Git Repo\PIIIdc\test-music-files\collection-A\After Many Days\Cannibal Eyes - clip.mp3,lengthInSeconds=319,id3Version=&lt;null&gt;,title= ,year=2010,genre=Celtic,name=Cannibal Eyes - clip]&gt;, &lt;ku.piii.model.MusicMedia@4524411f[path=E:\FX Git Repo\PIIIdc\test-music-files\collection-A\Anshlavs - Second Trip - clip.mp3,lengthInSeconds=258,id3Version=&lt;null&gt;,title=Second Trip,year=&lt;null&gt;,genre=&lt;null&gt;,name=Anshlavs - Second Trip - clip]&gt;, &lt;ku.piii.model.MusicMedia@401e7803[path=E:\FX Git Repo\PIIIdc\test-music-files\collection-A\DARKPOP BAND ANGELIQUE - PERFECT WORLD (AMBIENT) - clip.mp3,lengthInSeconds=363,id3Version=&lt;null&gt;,title=PERFECT WORLD (AMBIENT),year=1999,genre=Alt. Rock,name=DARKPOP BAND ANGELIQUE - PERFECT WORLD (AMBIENT) - clip]&gt;, &lt;ku.piii.model.MusicMedia@10dba097[path=E:\FX Git Repo\PIIIdc\test-music-files\collection-A\Freak Fandango Orchestra\Freak Fandango Orchestra - No means no - clip.mp3,lengthInSeconds=364,id3Version=&lt;null&gt;,title=No means no,year=2010,genre=Classical,name=Freak Fandango Orchestra - No means no - clip]&gt;, &lt;ku.piii.model.MusicMedia@1786f9d5[path=E:\FX Git Repo\PIIIdc\test-music-files\collection-A\Gem Reflection - Tubeman - clip.mp3,lengthInSeconds=329,id3Version=&lt;null&gt;,title=Tubeman,year=2000,genre=Black Metal,name=Gem Reflection - Tubeman - clip]&gt;, &lt;ku.piii.model.MusicMedia@704d6e83[path=E:\FX Git Repo\PIIIdc\test-music-files\collection-A\IX - la chichonera - clip.mp3,lengthInSeconds=356,id3Version=&lt;null&gt;,title=la chichonera,year=1999,genre=Christian Rap,name=IX - la chichonera - clip]&gt;, &lt;ku.piii.model.MusicMedia@43a0cee9[path=E:\FX Git Repo\PIIIdc\test-music-files\collection-A\Omnibrain - Neverending - clip.mp3,lengthInSeconds=309,id3Version=&lt;null&gt;,title=Neverending,year=2001,genre=Electronic,name=Omnibrain - Neverending - clip]&gt;, &lt;ku.piii.model.MusicMedia@eb21112[path=E:\FX Git Repo\PIIIdc\test-music-files\collection-A\Orxata Sound System\als nous amos - clip.mp3,lengthInSeconds=335,id3Version=&lt;null&gt;,title=als nous amos,year=2012,genre=BritPop,name=als nous amos - clip]&gt;, &lt;ku.piii.model.MusicMedia@2eda0940[path=E:\FX Git Repo\PIIIdc\test-music-files\collection-A\Orxata Sound System\fuster meets guevara - clip.mp3,lengthInSeconds=344,id3Version=&lt;null&gt;,title=fuster meets guevara,year=2011,genre=Classical,name=fuster meets guevara - clip]&gt;] in any order
     but: No item matches: &lt;ku.piii.model.MusicMedia@3578436e[path=..\test-music-files\collection-A\After Many Days\Cannibal Eyes - clip.mp3,lengthInSeconds=319,id3Version=&lt;null&gt;,title= ,year=2010,genre=Celtic,name=Cannibal Eyes - clip]&gt;, &lt;ku.piii.model.MusicMedia@706a04ae[path=..\test-music-files\collection-A\Anshlavs - Second Trip - clip.mp3,lengthInSeconds=258,id3Version=&lt;null&gt;,title=Second Trip,year=&lt;null&gt;,genre=&lt;null&gt;,name=Anshlavs - Second Trip - clip]&gt;, &lt;ku.piii.model.MusicMedia@6eceb130[path=..\test-music-files\collection-A\DARKPOP BAND ANGELIQUE - PERFECT WORLD (AMBIENT) - clip.mp3,lengthInSeconds=363,id3Version=&lt;null&gt;,title=PERFECT WORLD (AMBIENT),year=1999,genre=Alt. Rock,name=DARKPOP BAND ANGELIQUE - PERFECT WORLD (AMBIENT) - clip]&gt;, &lt;ku.piii.model.MusicMedia@10a035a0[path=..\test-music-files\collection-A\Freak Fandango Orchestra\Freak Fandango Orchestra - No means no - clip.mp3,lengthInSeconds=364,id3Version=&lt;null&gt;,title=No means no,year=2010,genre=Classical,name=Freak Fandango Orchestra - No means no - clip]&gt;, &lt;ku.piii.model.MusicMedia@67b467e9[path=..\test-music-files\collection-A\Gem Reflection - Tubeman - clip.mp3,lengthInSeconds=329,id3Version=&lt;null&gt;,title=Tubeman,year=2000,genre=Black Metal,name=Gem Reflection - Tubeman - clip]&gt;, &lt;ku.piii.model.MusicMedia@47db50c5[path=..\test-music-files\collection-A\IX - la chichonera - clip.mp3,lengthInSeconds=356,id3Version=&lt;null&gt;,title=la chichonera,year=1999,genre=Christian Rap,name=IX - la chichonera - clip]&gt;, &lt;ku.piii.model.MusicMedia@5c072e3f[path=..\test-music-files\collection-A\Omnibrain - Neverending - clip.mp3,lengthInSeconds=309,id3Version=&lt;null&gt;,title=Neverending,year=2001,genre=Electronic,name=Omnibrain - Neverending - clip]&gt;, &lt;ku.piii.model.MusicMedia@4d1b0d2a[path=..\test-music-files\collection-A\Orxata Sound System\als nous amos - clip.mp3,lengthInSeconds=335,id3Version=&lt;null&gt;,title=als nous amos,year=2012,genre=BritPop,name=als nous amos - clip]&gt;, &lt;ku.piii.model.MusicMedia@954b04f[path=..\test-music-files\collection-A\Orxata Sound System\fuster meets guevara - clip.mp3,lengthInSeconds=344,id3Version=&lt;null&gt;,title=fuster meets guevara,year=2011,genre=Classical,name=fuster meets guevara - clip]&gt; in [&lt;ku.piii.model.MusicMedia@150c158[path=E:\FX Git Repo\PIIIdc\test-music-files\collection-A\After Many Days\Cannibal Eyes - clip.mp3,lengthInSeconds=319,id3Version=&lt;null&gt;,title= ,year=2010,genre=Celtic,name=Cannibal Eyes - clip]&gt;, &lt;ku.piii.model.MusicMedia@4524411f[path=E:\FX Git Repo\PIIIdc\test-music-files\collection-A\Anshlavs - Second Trip - clip.mp3,lengthInSeconds=258,id3Version=&lt;null&gt;,title=Second Trip,year=&lt;null&gt;,genre=&lt;null&gt;,name=Anshlavs - Second Trip - clip]&gt;, &lt;ku.piii.model.MusicMedia@401e7803[path=E:\FX Git Repo\PIIIdc\test-music-files\collection-A\DARKPOP BAND ANGELIQUE - PERFECT WORLD (AMBIENT) - clip.mp3,lengthInSeconds=363,id3Version=&lt;null&gt;,title=PERFECT WORLD (AMBIENT),year=1999,genre=Alt. Rock,name=DARKPOP BAND ANGELIQUE - PERFECT WORLD (AMBIENT) - clip]&gt;, &lt;ku.piii.model.MusicMedia@10dba097[path=E:\FX Git Repo\PIIIdc\test-music-files\collection-A\Freak Fandango Orchestra\Freak Fandango Orchestra - No means no - clip.mp3,lengthInSeconds=364,id3Version=&lt;null&gt;,title=No means no,year=2010,genre=Classical,name=Freak Fandango Orchestra - No means no - clip]&gt;, &lt;ku.piii.model.MusicMedia@1786f9d5[path=E:\FX Git Repo\PIIIdc\test-music-files\collection-A\Gem Reflection - Tubeman - clip.mp3,lengthInSeconds=329,id3Version=&lt;null&gt;,title=Tubeman,year=2000,genre=Black Metal,name=Gem Reflection - Tubeman - clip]&gt;, &lt;ku.piii.model.MusicMedia@704d6e83[path=E:\FX Git Repo\PIIIdc\test-music-files\collection-A\IX - la chichonera - clip.mp3,lengthInSeconds=356,id3Version=&lt;null&gt;,title=la chichonera,year=1999,genre=Christian Rap,name=IX - la chichonera - clip]&gt;, &lt;ku.piii.model.MusicMedia@43a0cee9[path=E:\FX Git Repo\PIIIdc\test-music-files\collection-A\Omnibrain - Neverending - clip.mp3,lengthInSeconds=309,id3Version=&lt;null&gt;,title=Neverending,year=2001,genre=Electronic,name=Omnibrain - Neverending - clip]&gt;, &lt;ku.piii.model.MusicMedia@eb21112[path=E:\FX Git Repo\PIIIdc\test-music-files\collection-A\Orxata Sound System\als nous amos - clip.mp3,lengthInSeconds=335,id3Version=&lt;null&gt;,title=als nous amos,year=2012,genre=BritPop,name=als nous amos - clip]&gt;, &lt;ku.piii.model.MusicMedia@2eda0940[path=E:\FX Git Repo\PIIIdc\test-music-files\collection-A\Orxata Sound System\fuster meets guevara - clip.mp3,lengthInSeconds=344,id3Version=&lt;null&gt;,title=fuster meets guevara,year=2011,genre=Classical,name=fuster meets guevara - clip]&gt;]
	at org.hamcrest.MatcherAssert.assertThat(MatcherAssert.java:20)
	at org.junit.Assert.assertThat(Assert.java:956)
	at org.junit.Assert.assertThat(Assert.java:923)
	at ku.piii.fxtableoutofbox.TestMainApp.isTableViewListCorrect(TestMainApp.java:107)
	at sun.reflect.NativeMethodAccessorImpl.invoke0(Native Method)
	at sun.reflect.NativeMethodAccessorImpl.invoke(NativeMethodAccessorImpl.java:62)
	at sun.reflect.DelegatingMethodAccessorImpl.invoke(DelegatingMethodAccessorImpl.java:43)
	at java.lang.reflect.Method.invoke(Method.java:498)
	at org.junit.runners.model.FrameworkMethod$1.runReflectiveCall(FrameworkMethod.java:50)
	at org.junit.internal.runners.model.ReflectiveCallable.run(ReflectiveCallable.java:12)
	at org.junit.runners.model.FrameworkMethod.invokeExplosively(FrameworkMethod.java:47)
	at org.junit.internal.runners.statements.InvokeMethod.evaluate(InvokeMethod.java:17)
	at org.junit.internal.runners.statements.RunBefores.evaluate(RunBefores.java:26)
	at org.junit.runners.ParentRunner.runLeaf(ParentRunner.java:325)
	at org.junit.runners.BlockJUnit4ClassRunner.runChild(BlockJUnit4ClassRunner.java:78)
	at org.junit.runners.BlockJUnit4ClassRunner.runChild(BlockJUnit4ClassRunner.java:57)
	at org.junit.runners.ParentRunner$3.run(ParentRunner.java:290)
	at org.junit.runners.ParentRunner$1.schedule(ParentRunner.java:71)
	at org.junit.runners.ParentRunner.runChildren(ParentRunner.java:288)
	at org.junit.runners.ParentRunner.access$000(ParentRunner.java:58)
	at org.junit.runners.ParentRunner$2.evaluate(ParentRunner.java:268)
	at org.junit.runners.ParentRunner.run(ParentRunner.java:363)
	at org.apache.maven.surefire.junit4.JUnit4TestSet.execute(JUnit4TestSet.java:53)
	at org.apache.maven.surefire.junit4.JUnit4Provider.executeTestSet(JUnit4Provider.java:123)
	at org.apache.maven.surefire.junit4.JUnit4Provider.invoke(JUnit4Provider.java:104)
	at sun.reflect.NativeMethodAccessorImpl.invoke0(Native Method)
	at sun.reflect.NativeMethodAccessorImpl.invoke(NativeMethodAccessorImpl.java:62)
	at sun.reflect.DelegatingMethodAccessorImpl.invoke(DelegatingMethodAccessorImpl.java:43)
	at java.lang.reflect.Method.invoke(Method.java:498)
	at org.apache.maven.surefire.util.ReflectionUtils.invokeMethodWithArray(ReflectionUtils.java:164)
	at org.apache.maven.surefire.booter.ProviderFactory$ProviderProxy.invoke(ProviderFactory.java:110)
	at org.apache.maven.surefire.booter.SurefireStarter.invokeProvider(SurefireStarter.java:175)
	at org.apache.maven.surefire.booter.SurefireStarter.runSuitesInProcessWhenForked(SurefireStarter.java:107)
	at org.apache.maven.surefire.booter.ForkedBooter.main(ForkedBooter.java:68)
</failure>
    <system-out>dirName was ../test-music-files/collection-A, setting current directory to : ..\test-music-files\collection-A
Loaded music media title is  
Loaded music media title is Second Trip
Loaded music media title is PERFECT WORLD (AMBIENT)
Loaded music media title is No means no
Loaded music media title is Tubeman
Loaded music media title is la chichonera
Loaded music media title is Neverending
Loaded music media title is als nous amos
Loaded music media title is fuster meets guevara
Loaded music media title is  
Loaded music media title is Second Trip
Loaded music media title is PERFECT WORLD (AMBIENT)
Loaded music media title is No means no
Loaded music media title is Tubeman
Loaded music media title is la chichonera
Loaded music media title is Neverending
Loaded music media title is als nous amos
Loaded music media title is fuster meets guevara
BLAH BLAH LOOK HERE[ku.piii.model.MusicMedia@150c158, ku.piii.model.MusicMedia@4524411f, ku.piii.model.MusicMedia@401e7803, ku.piii.model.MusicMedia@10dba097, ku.piii.model.MusicMedia@1786f9d5, ku.piii.model.MusicMedia@704d6e83, ku.piii.model.MusicMedia@43a0cee9, ku.piii.model.MusicMedia@eb21112, ku.piii.model.MusicMedia@2eda0940]
BLAH BLAH LOOK HERE 2[ku.piii.model.MusicMedia@3578436e, ku.piii.model.MusicMedia@706a04ae, ku.piii.model.MusicMedia@6eceb130, ku.piii.model.MusicMedia@10a035a0, ku.piii.model.MusicMedia@67b467e9, ku.piii.model.MusicMedia@47db50c5, ku.piii.model.MusicMedia@5c072e3f, ku.piii.model.MusicMedia@4d1b0d2a, ku.piii.model.MusicMedia@954b04f]
BLAH BLAH LOOK HERE 3[ku.piii.model.MusicMedia@150c158[path=E:\FX Git Repo\PIIIdc\test-music-files\collection-A\After Many Days\Cannibal Eyes - clip.mp3,lengthInSeconds=319,id3Version=&lt;null&gt;,title= ,year=2010,genre=Celtic,name=Cannibal Eyes - clip], ku.piii.model.MusicMedia@4524411f[path=E:\FX Git Repo\PIIIdc\test-music-files\collection-A\Anshlavs - Second Trip - clip.mp3,lengthInSeconds=258,id3Version=&lt;null&gt;,title=Second Trip,year=&lt;null&gt;,genre=&lt;null&gt;,name=Anshlavs - Second Trip - clip], ku.piii.model.MusicMedia@401e7803[path=E:\FX Git Repo\PIIIdc\test-music-files\collection-A\DARKPOP BAND ANGELIQUE - PERFECT WORLD (AMBIENT) - clip.mp3,lengthInSeconds=363,id3Version=&lt;null&gt;,title=PERFECT WORLD (AMBIENT),year=1999,genre=Alt. Rock,name=DARKPOP BAND ANGELIQUE - PERFECT WORLD (AMBIENT) - clip], ku.piii.model.MusicMedia@10dba097[path=E:\FX Git Repo\PIIIdc\test-music-files\collection-A\Freak Fandango Orchestra\Freak Fandango Orchestra - No means no - clip.mp3,lengthInSeconds=364,id3Version=&lt;null&gt;,title=No means no,year=2010,genre=Classical,name=Freak Fandango Orchestra - No means no - clip], ku.piii.model.MusicMedia@1786f9d5[path=E:\FX Git Repo\PIIIdc\test-music-files\collection-A\Gem Reflection - Tubeman - clip.mp3,lengthInSeconds=329,id3Version=&lt;null&gt;,title=Tubeman,year=2000,genre=Black Metal,name=Gem Reflection - Tubeman - clip], ku.piii.model.MusicMedia@704d6e83[path=E:\FX Git Repo\PIIIdc\test-music-files\collection-A\IX - la chichonera - clip.mp3,lengthInSeconds=356,id3Version=&lt;null&gt;,title=la chichonera,year=1999,genre=Christian Rap,name=IX - la chichonera - clip], ku.piii.model.MusicMedia@43a0cee9[path=E:\FX Git Repo\PIIIdc\test-music-files\collection-A\Omnibrain - Neverending - clip.mp3,lengthInSeconds=309,id3Version=&lt;null&gt;,title=Neverending,year=2001,genre=Electronic,name=Omnibrain - Neverending - clip], ku.piii.model.MusicMedia@eb21112[path=E:\FX Git Repo\PIIIdc\test-music-files\collection-A\Orxata Sound System\als nous amos - clip.mp3,lengthInSeconds=335,id3Version=&lt;null&gt;,title=als nous amos,year=2012,genre=BritPop,name=als nous amos - clip], ku.piii.model.MusicMedia@2eda0940[path=E:\FX Git Repo\PIIIdc\test-music-files\collection-A\Orxata Sound System\fuster meets guevara - clip.mp3,lengthInSeconds=344,id3Version=&lt;null&gt;,title=fuster meets guevara,year=2011,genre=Classical,name=fuster meets guevara - clip]]
BLAH BLAH LOOK HERE 4[ku.piii.model.MusicMedia@3578436e[path=..\test-music-files\collection-A\After Many Days\Cannibal Eyes - clip.mp3,lengthInSeconds=319,id3Version=&lt;null&gt;,title= ,year=2010,genre=Celtic,name=Cannibal Eyes - clip], ku.piii.model.MusicMedia@706a04ae[path=..\test-music-files\collection-A\Anshlavs - Second Trip - clip.mp3,lengthInSeconds=258,id3Version=&lt;null&gt;,title=Second Trip,year=&lt;null&gt;,genre=&lt;null&gt;,name=Anshlavs - Second Trip - clip], ku.piii.model.MusicMedia@6eceb130[path=..\test-music-files\collection-A\DARKPOP BAND ANGELIQUE - PERFECT WORLD (AMBIENT) - clip.mp3,lengthInSeconds=363,id3Version=&lt;null&gt;,title=PERFECT WORLD (AMBIENT),year=1999,genre=Alt. Rock,name=DARKPOP BAND ANGELIQUE - PERFECT WORLD (AMBIENT) - clip], ku.piii.model.MusicMedia@10a035a0[path=..\test-music-files\collection-A\Freak Fandango Orchestra\Freak Fandango Orchestra - No means no - clip.mp3,lengthInSeconds=364,id3Version=&lt;null&gt;,title=No means no,year=2010,genre=Classical,name=Freak Fandango Orchestra - No means no - clip], ku.piii.model.MusicMedia@67b467e9[path=..\test-music-files\collection-A\Gem Reflection - Tubeman - clip.mp3,lengthInSeconds=329,id3Version=&lt;null&gt;,title=Tubeman,year=2000,genre=Black Metal,name=Gem Reflection - Tubeman - clip], ku.piii.model.MusicMedia@47db50c5[path=..\test-music-files\collection-A\IX - la chichonera - clip.mp3,lengthInSeconds=356,id3Version=&lt;null&gt;,title=la chichonera,year=1999,genre=Christian Rap,name=IX - la chichonera - clip], ku.piii.model.MusicMedia@5c072e3f[path=..\test-music-files\collection-A\Omnibrain - Neverending - clip.mp3,lengthInSeconds=309,id3Version=&lt;null&gt;,title=Neverending,year=2001,genre=Electronic,name=Omnibrain - Neverending - clip], ku.piii.model.MusicMedia@4d1b0d2a[path=..\test-music-files\collection-A\Orxata Sound System\als nous amos - clip.mp3,lengthInSeconds=335,id3Version=&lt;null&gt;,title=als nous amos,year=2012,genre=BritPop,name=als nous amos - clip], ku.piii.model.MusicMedia@954b04f[path=..\test-music-files\collection-A\Orxata Sound System\fuster meets guevara - clip.mp3,lengthInSeconds=344,id3Version=&lt;null&gt;,title=fuster meets guevara,year=2011,genre=Classical,name=fuster meets guevara - clip]]
</system-out>
  </testcase>
</testsuite>